<?xml version="1.0" encoding="UTF-8"?>
<testsuite xmlns:xsi="http://www.w3.org/2001/XMLSchema-instance" xsi:noNamespaceSchemaLocation="https://maven.apache.org/surefire/maven-surefire-plugin/xsd/surefire-test-report.xsd" name="runners.TestRunner" time="26.354" tests="3" errors="0" skipped="0" failures="0">
  <properties>
[...]
</properties>
  <testcase name="Given user launch browser" classname="Scenario: jenkins test" time="0.004"/>
  <testcase name="Then open google" classname="Scenario: jenkins test" time="0"/>
  <testcase name="Scenario: jenkins test" classname="Scenario: jenkins test" time="0.002"/>
</testsuite>